{
  "stats": {
    "suites": 1,
    "tests": 2,
    "passes": 0,
    "pending": 0,
    "failures": 2,
    "start": "2021-07-26T20:34:04.013Z",
    "end": "2021-07-26T20:34:49.613Z",
    "duration": 45600,
    "testsRegistered": 2,
    "passPercent": 0,
    "pendingPercent": 0,
    "other": 0,
    "hasOther": false,
    "skipped": 0,
    "hasSkipped": false
  },
  "results": [
    {
      "uuid": "adb13ba8-6e2d-4642-b2bc-7e3d2b9edafa",
      "title": "",
      "fullFile": "cypress/integration/axe/axe.spec.js",
      "file": "cypress/integration/axe/axe.spec.js",
      "beforeHooks": [],
      "afterHooks": [],
      "tests": [],
      "suites": [
        {
          "uuid": "3bee7d36-4ffb-4a48-abe2-e54d269b700e",
          "title": "axe testing",
          "fullFile": "",
          "file": "",
          "beforeHooks": [],
          "afterHooks": [],
          "tests": [
            {
              "title": "dettol homepage",
              "fullTitle": "axe testing dettol homepage",
              "timedOut": null,
              "duration": 13422,
              "state": "failed",
              "speed": null,
              "pass": false,
              "fail": true,
              "pending": false,
              "context": "[\n  \"assets/axe/axe.spec.js/axe testing -- dettol homepage (failed).png\",\n  {\n    \"title\": \"Failed screenshot\",\n    \"value\": \"screenshots\\\\axe\\\\axe.spec.js\\\\axe testing -- dettol homepage (failed).png\"\n  }\n]",
              "code": "cy.checkPageA11y('https://www.dettol.co.uk/');",
              "err": {
                "message": "ReferenceError: html is not defined",
                "estack": "ReferenceError: html is not defined\n    at eval (https://www.dettol.co.uk/__cypress/tests?p=cypress\\support\\index.js:144:27)\n    at terminalLog (https://www.dettol.co.uk/__cypress/tests?p=cypress\\support\\index.js:135:39)\n    at Context.eval (https://www.dettol.co.uk/__cypress/tests?p=cypress\\support\\index.js:2768:17)",
                "diff": null
              },
              "uuid": "32cd8abe-ad49-4c55-a89b-0475c81edb75",
              "parentUUID": "3bee7d36-4ffb-4a48-abe2-e54d269b700e",
              "isHook": false,
              "skipped": false
            },
            {
              "title": "dettol faq page",
              "fullTitle": "axe testing dettol faq page",
              "timedOut": null,
              "duration": 2846,
              "state": "failed",
              "speed": null,
              "pass": false,
              "fail": true,
              "pending": false,
              "context": "[\n  \"assets/axe/axe.spec.js/axe testing -- dettol faq page (failed).png\",\n  {\n    \"title\": \"Failed screenshot\",\n    \"value\": \"screenshots\\\\axe\\\\axe.spec.js\\\\axe testing -- dettol faq page (failed).png\"\n  }\n]",
              "code": "cy.checkPageA11y('https://www.dettol.co.uk/faq/');",
              "err": {
                "message": "ReferenceError: html is not defined",
                "estack": "ReferenceError: html is not defined\n    at eval (https://www.dettol.co.uk/__cypress/tests?p=cypress\\support\\index.js:144:27)\n    at terminalLog (https://www.dettol.co.uk/__cypress/tests?p=cypress\\support\\index.js:135:39)\n    at Context.eval (https://www.dettol.co.uk/__cypress/tests?p=cypress\\support\\index.js:2768:17)",
                "diff": null
              },
              "uuid": "2a422df7-104e-4390-9d46-40847aae64f2",
              "parentUUID": "3bee7d36-4ffb-4a48-abe2-e54d269b700e",
              "isHook": false,
              "skipped": false
            }
          ],
          "suites": [],
          "passes": [],
          "failures": [
            "32cd8abe-ad49-4c55-a89b-0475c81edb75",
            "2a422df7-104e-4390-9d46-40847aae64f2"
          ],
          "pending": [],
          "skipped": [],
          "duration": 16268,
          "root": false,
          "rootEmpty": false,
          "_timeout": 2000
        }
      ],
      "passes": [],
      "failures": [],
      "pending": [],
      "skipped": [],
      "duration": 0,
      "root": true,
      "rootEmpty": true,
      "_timeout": 2000
    }
  ],
  "meta": {
    "mocha": {
      "version": "7.0.1"
    },
    "mochawesome": {
      "options": {
        "quiet": false,
        "reportFilename": "mochawesome",
        "saveHtml": false,
        "saveJson": true,
        "consoleReporter": "spec",
        "useInlineDiffs": false,
        "code": true
      },
      "version": "6.2.2"
    },
    "marge": {
      "options": {
        "id": "default",
        "reportDir": "cypress/reports/mocha",
        "quite": true,
        "overwrite": false,
        "html": false,
        "json": true
      },
      "version": "5.2.0"
    }
  }
}