{
  "stats": {
    "suites": 1,
    "tests": 2,
    "passes": 0,
    "pending": 0,
    "failures": 2,
    "start": "2021-07-26T20:04:01.460Z",
    "end": "2021-07-26T20:04:14.150Z",
    "duration": 12690,
    "testsRegistered": 2,
    "passPercent": 0,
    "pendingPercent": 0,
    "other": 0,
    "hasOther": false,
    "skipped": 0,
    "hasSkipped": false
  },
  "results": [
    {
      "uuid": "3c96d1c7-5316-44c4-87ed-00669ea54cfc",
      "title": "",
      "fullFile": "cypress/integration/axe/axe.spec.js",
      "file": "cypress/integration/axe/axe.spec.js",
      "beforeHooks": [],
      "afterHooks": [],
      "tests": [],
      "suites": [
        {
          "uuid": "8c9edd67-8c57-42af-a859-416fda2bfc59",
          "title": "axe testing",
          "fullFile": "",
          "file": "",
          "beforeHooks": [],
          "afterHooks": [],
          "tests": [
            {
              "title": "dettol homepage",
              "fullTitle": "axe testing dettol homepage",
              "timedOut": null,
              "duration": 4900,
              "state": "failed",
              "speed": null,
              "pass": false,
              "fail": true,
              "pending": false,
              "context": "[\n  \"assets/axe/axe.spec.js/axe testing -- dettol homepage (failed).png\",\n  {\n    \"title\": \"Failed screenshot\",\n    \"value\": \"screenshots\\\\axe\\\\axe.spec.js\\\\axe testing -- dettol homepage (failed).png\"\n  }\n]",
              "code": "cy.checkPageA11y('https://www.dettol.co.uk/');",
              "err": {
                "message": "TypeError: Cannot destructure property 'results' of 'undefined' as it is undefined.",
                "estack": "TypeError: Cannot destructure property 'results' of 'undefined' as it is undefined.\n    at createHtmlReport (https://www.dettol.co.uk/__cypress/tests?p=cypress\\support\\index.js:491:29)\n    at terminalLog (https://www.dettol.co.uk/__cypress/tests?p=cypress\\support\\index.js:171:41)\n    at Context.eval (https://www.dettol.co.uk/__cypress/tests?p=cypress\\support\\index.js:2772:17)",
                "diff": null
              },
              "uuid": "e63611e8-816e-4155-97dc-c8a01f661298",
              "parentUUID": "8c9edd67-8c57-42af-a859-416fda2bfc59",
              "isHook": false,
              "skipped": false
            },
            {
              "title": "dettol faq page",
              "fullTitle": "axe testing dettol faq page",
              "timedOut": null,
              "duration": 1795,
              "state": "failed",
              "speed": null,
              "pass": false,
              "fail": true,
              "pending": false,
              "context": "[\n  \"assets/axe/axe.spec.js/axe testing -- dettol faq page (failed).png\",\n  {\n    \"title\": \"Failed screenshot\",\n    \"value\": \"screenshots\\\\axe\\\\axe.spec.js\\\\axe testing -- dettol faq page (failed).png\"\n  }\n]",
              "code": "cy.checkPageA11y('https://www.dettol.co.uk/faq/');",
              "err": {
                "message": "TypeError: Cannot destructure property 'results' of 'undefined' as it is undefined.",
                "estack": "TypeError: Cannot destructure property 'results' of 'undefined' as it is undefined.\n    at createHtmlReport (https://www.dettol.co.uk/__cypress/tests?p=cypress\\support\\index.js:491:29)\n    at terminalLog (https://www.dettol.co.uk/__cypress/tests?p=cypress\\support\\index.js:171:41)\n    at Context.eval (https://www.dettol.co.uk/__cypress/tests?p=cypress\\support\\index.js:2772:17)",
                "diff": null
              },
              "uuid": "c5ef1d27-6ce5-4e75-9ff8-ffa17e83aeae",
              "parentUUID": "8c9edd67-8c57-42af-a859-416fda2bfc59",
              "isHook": false,
              "skipped": false
            }
          ],
          "suites": [],
          "passes": [],
          "failures": [
            "e63611e8-816e-4155-97dc-c8a01f661298",
            "c5ef1d27-6ce5-4e75-9ff8-ffa17e83aeae"
          ],
          "pending": [],
          "skipped": [],
          "duration": 6695,
          "root": false,
          "rootEmpty": false,
          "_timeout": 2000
        }
      ],
      "passes": [],
      "failures": [],
      "pending": [],
      "skipped": [],
      "duration": 0,
      "root": true,
      "rootEmpty": true,
      "_timeout": 2000
    }
  ],
  "meta": {
    "mocha": {
      "version": "7.0.1"
    },
    "mochawesome": {
      "options": {
        "quiet": false,
        "reportFilename": "mochawesome",
        "saveHtml": false,
        "saveJson": true,
        "consoleReporter": "spec",
        "useInlineDiffs": false,
        "code": true
      },
      "version": "6.2.2"
    },
    "marge": {
      "options": {
        "id": "default",
        "reportDir": "cypress/reports/mocha",
        "quite": true,
        "overwrite": false,
        "html": false,
        "json": true
      },
      "version": "5.2.0"
    }
  }
}