{
  "stats": {
    "suites": 1,
    "tests": 2,
    "passes": 0,
    "pending": 0,
    "failures": 2,
    "start": "2021-07-26T19:47:27.335Z",
    "end": "2021-07-26T19:47:58.457Z",
    "duration": 31122,
    "testsRegistered": 2,
    "passPercent": 0,
    "pendingPercent": 0,
    "other": 0,
    "hasOther": false,
    "skipped": 0,
    "hasSkipped": false
  },
  "results": [
    {
      "uuid": "fbbe34c5-7a9f-4461-931f-e936e8d93763",
      "title": "",
      "fullFile": "cypress/integration/axe/axe.spec.js",
      "file": "cypress/integration/axe/axe.spec.js",
      "beforeHooks": [],
      "afterHooks": [],
      "tests": [],
      "suites": [
        {
          "uuid": "81b617cc-9321-402d-83f7-848a6c0d59f8",
          "title": "axe testing",
          "fullFile": "",
          "file": "",
          "beforeHooks": [],
          "afterHooks": [],
          "tests": [
            {
              "title": "dettol homepage",
              "fullTitle": "axe testing dettol homepage",
              "timedOut": null,
              "duration": 9635,
              "state": "failed",
              "speed": null,
              "pass": false,
              "fail": true,
              "pending": false,
              "context": "[\n  \"assets/axe/axe.spec.js/axe testing -- dettol homepage (failed).png\",\n  {\n    \"title\": \"Failed screenshot\",\n    \"value\": \"screenshots\\\\axe\\\\axe.spec.js\\\\axe testing -- dettol homepage (failed).png\"\n  }\n]",
              "code": "cy.checkPageA11y('https://www.dettol.co.uk/');",
              "err": {
                "message": "AssertionError: 5 accessibility violations were detected: expected 5 to equal 0",
                "estack": "AssertionError: 5 accessibility violations were detected: expected 5 to equal 0\n    at Context.eval (https://www.dettol.co.uk/__cypress/tests?p=cypress\\support\\index.js:2799:20)",
                "diff": null
              },
              "uuid": "b2ba4941-3aa7-499c-8b28-d80efece14c0",
              "parentUUID": "81b617cc-9321-402d-83f7-848a6c0d59f8",
              "isHook": false,
              "skipped": false
            },
            {
              "title": "dettol faq page",
              "fullTitle": "axe testing dettol faq page",
              "timedOut": null,
              "duration": 2826,
              "state": "failed",
              "speed": null,
              "pass": false,
              "fail": true,
              "pending": false,
              "context": "[\n  \"assets/axe/axe.spec.js/axe testing -- dettol faq page (failed).png\",\n  {\n    \"title\": \"Failed screenshot\",\n    \"value\": \"screenshots\\\\axe\\\\axe.spec.js\\\\axe testing -- dettol faq page (failed).png\"\n  }\n]",
              "code": "cy.checkPageA11y('https://www.dettol.co.uk/faq/');",
              "err": {
                "message": "AssertionError: 3 accessibility violations were detected: expected 3 to equal 0",
                "estack": "AssertionError: 3 accessibility violations were detected: expected 3 to equal 0\n    at Context.eval (https://www.dettol.co.uk/__cypress/tests?p=cypress\\support\\index.js:2799:20)",
                "diff": null
              },
              "uuid": "7980021a-8f63-4e54-953f-3935a80cdd41",
              "parentUUID": "81b617cc-9321-402d-83f7-848a6c0d59f8",
              "isHook": false,
              "skipped": false
            }
          ],
          "suites": [],
          "passes": [],
          "failures": [
            "b2ba4941-3aa7-499c-8b28-d80efece14c0",
            "7980021a-8f63-4e54-953f-3935a80cdd41"
          ],
          "pending": [],
          "skipped": [],
          "duration": 12461,
          "root": false,
          "rootEmpty": false,
          "_timeout": 2000
        }
      ],
      "passes": [],
      "failures": [],
      "pending": [],
      "skipped": [],
      "duration": 0,
      "root": true,
      "rootEmpty": true,
      "_timeout": 2000
    }
  ],
  "meta": {
    "mocha": {
      "version": "7.0.1"
    },
    "mochawesome": {
      "options": {
        "quiet": false,
        "reportFilename": "mochawesome",
        "saveHtml": false,
        "saveJson": true,
        "consoleReporter": "spec",
        "useInlineDiffs": false,
        "code": true
      },
      "version": "6.2.2"
    },
    "marge": {
      "options": {
        "id": "default",
        "reportDir": "cypress/reports/mocha",
        "quite": true,
        "overwrite": false,
        "html": false,
        "json": true
      },
      "version": "5.2.0"
    }
  }
}