{
  "stats": {
    "suites": 1,
    "tests": 2,
    "passes": 0,
    "pending": 0,
    "failures": 2,
    "start": "2021-07-26T20:28:55.998Z",
    "end": "2021-07-26T20:29:12.757Z",
    "duration": 16759,
    "testsRegistered": 2,
    "passPercent": 0,
    "pendingPercent": 0,
    "other": 0,
    "hasOther": false,
    "skipped": 0,
    "hasSkipped": false
  },
  "results": [
    {
      "uuid": "26d2a3ed-5831-4493-af3c-fd9436394ed4",
      "title": "",
      "fullFile": "cypress/integration/axe/axe.spec.js",
      "file": "cypress/integration/axe/axe.spec.js",
      "beforeHooks": [],
      "afterHooks": [],
      "tests": [],
      "suites": [
        {
          "uuid": "3dd9e20b-cb37-4bf5-8b4b-17c06ea19573",
          "title": "axe testing",
          "fullFile": "",
          "file": "",
          "beforeHooks": [],
          "afterHooks": [],
          "tests": [
            {
              "title": "dettol homepage",
              "fullTitle": "axe testing dettol homepage",
              "timedOut": null,
              "duration": 6990,
              "state": "failed",
              "speed": null,
              "pass": false,
              "fail": true,
              "pending": false,
              "context": "[\n  \"assets/axe/axe.spec.js/axe testing -- dettol homepage (failed).png\",\n  {\n    \"title\": \"Failed screenshot\",\n    \"value\": \"screenshots\\\\axe\\\\axe.spec.js\\\\axe testing -- dettol homepage (failed).png\"\n  }\n]",
              "code": "cy.checkPageA11y('https://www.dettol.co.uk/');",
              "err": {
                "message": "ReferenceError: target is not defined",
                "estack": "ReferenceError: target is not defined\n    at eval (https://www.dettol.co.uk/__cypress/tests?p=cypress\\support\\index.js:162:5)\n    at terminalLog (https://www.dettol.co.uk/__cypress/tests?p=cypress\\support\\index.js:146:36)\n    at Context.eval (https://www.dettol.co.uk/__cypress/tests?p=cypress\\support\\index.js:2769:17)",
                "diff": null
              },
              "uuid": "f6984dda-6fdf-4a76-a2f3-65d73fb444c8",
              "parentUUID": "3dd9e20b-cb37-4bf5-8b4b-17c06ea19573",
              "isHook": false,
              "skipped": false
            },
            {
              "title": "dettol faq page",
              "fullTitle": "axe testing dettol faq page",
              "timedOut": null,
              "duration": 3684,
              "state": "failed",
              "speed": null,
              "pass": false,
              "fail": true,
              "pending": false,
              "context": "[\n  \"assets/axe/axe.spec.js/axe testing -- dettol faq page (failed).png\",\n  {\n    \"title\": \"Failed screenshot\",\n    \"value\": \"screenshots\\\\axe\\\\axe.spec.js\\\\axe testing -- dettol faq page (failed).png\"\n  }\n]",
              "code": "cy.checkPageA11y('https://www.dettol.co.uk/faq/');",
              "err": {
                "message": "ReferenceError: target is not defined",
                "estack": "ReferenceError: target is not defined\n    at eval (https://www.dettol.co.uk/__cypress/tests?p=cypress\\support\\index.js:162:5)\n    at terminalLog (https://www.dettol.co.uk/__cypress/tests?p=cypress\\support\\index.js:146:36)\n    at Context.eval (https://www.dettol.co.uk/__cypress/tests?p=cypress\\support\\index.js:2769:17)",
                "diff": null
              },
              "uuid": "976c3dc4-f65a-49ea-8ada-89315a66a4a4",
              "parentUUID": "3dd9e20b-cb37-4bf5-8b4b-17c06ea19573",
              "isHook": false,
              "skipped": false
            }
          ],
          "suites": [],
          "passes": [],
          "failures": [
            "f6984dda-6fdf-4a76-a2f3-65d73fb444c8",
            "976c3dc4-f65a-49ea-8ada-89315a66a4a4"
          ],
          "pending": [],
          "skipped": [],
          "duration": 10674,
          "root": false,
          "rootEmpty": false,
          "_timeout": 2000
        }
      ],
      "passes": [],
      "failures": [],
      "pending": [],
      "skipped": [],
      "duration": 0,
      "root": true,
      "rootEmpty": true,
      "_timeout": 2000
    }
  ],
  "meta": {
    "mocha": {
      "version": "7.0.1"
    },
    "mochawesome": {
      "options": {
        "quiet": false,
        "reportFilename": "mochawesome",
        "saveHtml": false,
        "saveJson": true,
        "consoleReporter": "spec",
        "useInlineDiffs": false,
        "code": true
      },
      "version": "6.2.2"
    },
    "marge": {
      "options": {
        "id": "default",
        "reportDir": "cypress/reports/mocha",
        "quite": true,
        "overwrite": false,
        "html": false,
        "json": true
      },
      "version": "5.2.0"
    }
  }
}