{
  "stats": {
    "suites": 1,
    "tests": 2,
    "passes": 0,
    "pending": 0,
    "failures": 2,
    "start": "2021-07-25T20:22:38.720Z",
    "end": "2021-07-25T20:23:05.465Z",
    "duration": 19153,
    "testsRegistered": 2,
    "passPercent": 0,
    "pendingPercent": 0,
    "other": 0,
    "hasOther": false,
    "skipped": 0,
    "hasSkipped": false
  },
  "results": [
    {
      "uuid": "bb344b57-ab11-4db1-99d3-218e1c8b06dd",
      "title": "",
      "fullFile": "cypress/integration/axe/axe.spec.js",
      "file": "cypress/integration/axe/axe.spec.js",
      "beforeHooks": [],
      "afterHooks": [],
      "tests": [],
      "suites": [
        {
          "uuid": "967d0d18-c172-4701-9fa7-fd334049298a",
          "title": "axe testing",
          "fullFile": "",
          "file": "",
          "beforeHooks": [],
          "afterHooks": [],
          "tests": [
            {
              "title": "dettol homepage",
              "fullTitle": "axe testing dettol homepage",
              "timedOut": null,
              "duration": 14182,
              "state": "failed",
              "speed": null,
              "pass": false,
              "fail": true,
              "pending": false,
              "context": "[\n  \"assets/axe/axe.spec.js/axe testing -- dettol homepage (failed).png\",\n  {\n    \"title\": \"Failed screenshot\",\n    \"value\": \"screenshots\\\\axe\\\\axe.spec.js\\\\axe testing -- dettol homepage (failed).png\"\n  }\n]",
              "code": "cy.checkPageA11y('https://www.dettol.co.uk/');",
              "err": {
                "message": "AssertionError: 5 accessibility violations were detected: expected 5 to equal 0",
                "estack": "AssertionError: 5 accessibility violations were detected: expected 5 to equal 0\n    at Context.eval (https://www.dettol.co.uk/__cypress/tests?p=cypress\\support\\index.js:2744:20)",
                "diff": null
              },
              "uuid": "24784fa7-d75e-4895-96af-bfaffcc39d00",
              "parentUUID": "967d0d18-c172-4701-9fa7-fd334049298a",
              "isHook": false,
              "skipped": false
            },
            {
              "title": "dettol faq page",
              "fullTitle": "axe testing dettol faq page",
              "timedOut": null,
              "duration": 4971,
              "state": "failed",
              "speed": null,
              "pass": false,
              "fail": true,
              "pending": false,
              "context": "[\n  \"assets/axe/axe.spec.js/axe testing -- dettol faq page (failed).png\",\n  {\n    \"title\": \"Failed screenshot\",\n    \"value\": \"screenshots\\\\axe\\\\axe.spec.js\\\\axe testing -- dettol faq page (failed).png\"\n  }\n]",
              "code": "cy.checkPageA11y('https://www.dettol.co.uk/faq/');",
              "err": {
                "message": "AssertionError: 4 accessibility violations were detected: expected 4 to equal 0",
                "estack": "AssertionError: 4 accessibility violations were detected: expected 4 to equal 0\n    at Context.eval (https://www.dettol.co.uk/__cypress/tests?p=cypress\\support\\index.js:2744:20)",
                "diff": null
              },
              "uuid": "1e765bd2-4838-4a3e-a7d6-89c91f4188a4",
              "parentUUID": "967d0d18-c172-4701-9fa7-fd334049298a",
              "isHook": false,
              "skipped": false
            }
          ],
          "suites": [],
          "passes": [],
          "failures": [
            "24784fa7-d75e-4895-96af-bfaffcc39d00",
            "1e765bd2-4838-4a3e-a7d6-89c91f4188a4"
          ],
          "pending": [],
          "skipped": [],
          "duration": 19153,
          "root": false,
          "rootEmpty": false,
          "_timeout": 2000
        }
      ],
      "passes": [],
      "failures": [],
      "pending": [],
      "skipped": [],
      "duration": 0,
      "root": true,
      "rootEmpty": true,
      "_timeout": 2000
    }
  ],
  "meta": {
    "mocha": {
      "version": "7.0.1"
    },
    "mochawesome": {
      "options": {
        "quiet": false,
        "reportFilename": "mochawesome",
        "saveHtml": false,
        "saveJson": true,
        "consoleReporter": "spec",
        "useInlineDiffs": false,
        "code": true
      },
      "version": "6.2.2"
    },
    "marge": {
      "options": {
        "id": "default",
        "reportDir": "cypress/reports/mocha",
        "quite": true,
        "overwrite": false,
        "html": false,
        "json": true
      },
      "version": "5.2.0"
    }
  }
}