{
  "stats": {
    "suites": 1,
    "tests": 1,
    "passes": 0,
    "pending": 0,
    "failures": 1,
    "start": "2021-07-21T06:23:36.729Z",
    "end": "2021-07-21T06:24:09.431Z",
    "duration": 32702,
    "testsRegistered": 1,
    "passPercent": 0,
    "pendingPercent": 0,
    "other": 0,
    "hasOther": false,
    "skipped": 0,
    "hasSkipped": false
  },
  "results": [
    {
      "uuid": "5e0ba303-9d02-44ab-978b-d35959d36c9f",
      "title": "",
      "fullFile": "cypress/integration/axe/axe.spec.js",
      "file": "cypress/integration/axe/axe.spec.js",
      "beforeHooks": [],
      "afterHooks": [],
      "tests": [],
      "suites": [
        {
          "uuid": "a1e34922-84de-45d8-a716-e27573b44564",
          "title": "axe testing",
          "fullFile": "",
          "file": "",
          "beforeHooks": [],
          "afterHooks": [],
          "tests": [
            {
              "title": "axe1",
              "fullTitle": "axe testing axe1",
              "timedOut": null,
              "duration": 15909,
              "state": "failed",
              "speed": null,
              "pass": false,
              "fail": true,
              "pending": false,
              "context": "{\n  \"title\": \"Failed screenshot\",\n  \"value\": \"screenshots\\\\axe\\\\axe.spec.js\\\\axe testing -- axe1 (failed).png\"\n}",
              "code": "//cy.visit('https://www.dettol.co.uk/')\n//cy.injectAxe()\n//cy.checkA11y()\ncy.checkPageA11y('https://www.dettol.co.uk/'); //cy.lighthouse()\n//cy.pa11y()\n/* cy.lighthouse({\n   performance: 85,\n   accessibility: 85,\n   \n });*/",
              "err": {
                "message": "AssertionError: 4 accessibility violations were detected: expected 4 to equal 0",
                "estack": "AssertionError: 4 accessibility violations were detected: expected 4 to equal 0\n    at Context.eval (https://www.dettol.co.uk/__cypress/tests?p=cypress\\support\\index.js:2399:20)",
                "diff": null
              },
              "uuid": "913b36bf-8510-4a8c-9549-8a57fc83edda",
              "parentUUID": "a1e34922-84de-45d8-a716-e27573b44564",
              "isHook": false,
              "skipped": false
            }
          ],
          "suites": [],
          "passes": [],
          "failures": [
            "913b36bf-8510-4a8c-9549-8a57fc83edda"
          ],
          "pending": [],
          "skipped": [],
          "duration": 15909,
          "root": false,
          "rootEmpty": false,
          "_timeout": 2000
        }
      ],
      "passes": [],
      "failures": [],
      "pending": [],
      "skipped": [],
      "duration": 0,
      "root": true,
      "rootEmpty": true,
      "_timeout": 2000
    }
  ],
  "meta": {
    "mocha": {
      "version": "7.0.1"
    },
    "mochawesome": {
      "options": {
        "quiet": false,
        "reportFilename": "mochawesome",
        "saveHtml": true,
        "saveJson": true,
        "consoleReporter": "spec",
        "useInlineDiffs": false,
        "code": true
      },
      "version": "6.2.2"
    },
    "marge": {
      "options": null,
      "version": "5.2.0"
    }
  }
}